# JRE version: OpenJDK Runtime Environment Temurin-17.0.2+8 (17.0.2+8) (build 17.0.2+8)
# Java VM: OpenJDK 64-Bit Server VM Temurin-17.0.2+8 (17.0.2+8, mixed mode, tiered, compressed oops, compressed class ptrs, g1 gc, windows-amd64)
GC Precious Log:
 CPUs: 8 total, 8 available
 Memory: 8078M
 Large Page Support: Disabled
 NUMA Support: Disabled
 Compressed Oops: Enabled (32-bit)
 Heap Region Size: 1M
 Heap Min Capacity: 8M
 Heap Initial Capacity: 128M
 Heap Max Capacity: 2020M
 Pre-touch: Disabled
 Parallel Workers: 8
 Concurrent Workers: 2
 Concurrent Refinement Workers: 8
 Periodic GC: Disabled
Heap:
 garbage-first heap   total 159744K, used 52009K [0x0000000081c00000, 0x0000000100000000)
  region size 1024K, 3 young (3072K), 3 survivors (3072K)
 Metaspace       used 41499K, committed 41856K, reserved 1089536K
  class space    used 4252K, committed 4416K, reserved 1048576K
GC Heap History (20 events):
Event: 2.956 GC heap after
{Heap after GC invocations=9 (full 0):
 garbage-first heap   total 79872K, used 12792K [0x0000000081c00000, 0x0000000100000000)
  region size 1024K, 4 young (4096K), 4 survivors (4096K)
 Metaspace       used 23306K, committed 23552K, reserved 1073152K
  class space    used 2343K, committed 2496K, reserved 1048576K
}
Event: 3.120 GC heap before
{Heap before GC invocations=9 (full 0):
 garbage-first heap   total 79872K, used 42488K [0x0000000081c00000, 0x0000000100000000)
  region size 1024K, 14 young (14336K), 4 survivors (4096K)
 Metaspace       used 24254K, committed 24448K, reserved 1073152K
  class space    used 2440K, committed 2560K, reserved 1048576K
}
Event: 3.125 GC heap after
{Heap after GC invocations=10 (full 0):
 garbage-first heap   total 79872K, used 33669K [0x0000000081c00000, 0x0000000100000000)
  region size 1024K, 4 young (4096K), 4 survivors (4096K)
 Metaspace       used 24254K, committed 24448K, reserved 1073152K
  class space    used 2440K, committed 2560K, reserved 1048576K
}
Event: 3.139 GC heap before
{Heap before GC invocations=10 (full 0):
 garbage-first heap   total 79872K, used 45957K [0x0000000081c00000, 0x0000000100000000)
  region size 1024K, 5 young (5120K), 4 survivors (4096K)
 Metaspace       used 24311K, committed 24512K, reserved 1073152K
  class space    used 2447K, committed 2560K, reserved 1048576K
}
Event: 3.144 GC heap after
{Heap after GC invocations=11 (full 0):
 garbage-first heap   total 79872K, used 13297K [0x0000000081c00000, 0x0000000100000000)
  region size 1024K, 1 young (1024K), 1 survivors (1024K)
 Metaspace       used 24311K, committed 24512K, reserved 1073152K
  class space    used 2447K, committed 2560K, reserved 1048576K
}
Event: 3.146 GC heap before
{Heap before GC invocations=11 (full 0):
 garbage-first heap   total 79872K, used 33777K [0x0000000081c00000, 0x0000000100000000)
  region size 1024K, 2 young (2048K), 1 survivors (1024K)
 Metaspace       used 24311K, committed 24512K, reserved 1073152K
  class space    used 2447K, committed 2560K, reserved 1048576K
}
Event: 3.148 GC heap after
{Heap after GC invocations=12 (full 0):
 garbage-first heap   total 159744K, used 33417K [0x0000000081c00000, 0x0000000100000000)
  region size 1024K, 1 young (1024K), 1 survivors (1024K)
 Metaspace       used 24311K, committed 24512K, reserved 1073152K
  class space    used 2447K, committed 2560K, reserved 1048576K
}
Event: 4.161 GC heap before
{Heap before GC invocations=12 (full 0):
 garbage-first heap   total 159744K, used 140937K [0x0000000081c00000, 0x0000000100000000)
  region size 1024K, 92 young (94208K), 1 survivors (1024K)
 Metaspace       used 31346K, committed 31616K, reserved 1081344K
  class space    used 3279K, committed 3456K, reserved 1048576K
}
Event: 4.164 GC heap after
{Heap after GC invocations=13 (full 0):
 garbage-first heap   total 159744K, used 19074K [0x0000000081c00000, 0x0000000100000000)
  region size 1024K, 6 young (6144K), 6 survivors (6144K)
 Metaspace       used 31346K, committed 31616K, reserved 1081344K
  class space    used 3279K, committed 3456K, reserved 1048576K
}
Event: 5.883 GC heap before
{Heap before GC invocations=13 (full 0):
 garbage-first heap   total 159744K, used 110210K [0x0000000081c00000, 0x0000000100000000)
  region size 1024K, 93 young (95232K), 6 survivors (6144K)
 Metaspace       used 35672K, committed 36032K, reserved 1089536K
  class space    used 3672K, committed 3840K, reserved 1048576K
}
Event: 5.901 GC heap after
{Heap after GC invocations=14 (full 0):
 garbage-first heap   total 159744K, used 34850K [0x0000000081c00000, 0x0000000100000000)
  region size 1024K, 12 young (12288K), 12 survivors (12288K)
 Metaspace       used 35672K, committed 36032K, reserved 1089536K
  class space    used 3672K, committed 3840K, reserved 1048576K
}
Event: 5.932 GC heap before
{Heap before GC invocations=14 (full 0):
 garbage-first heap   total 159744K, used 35874K [0x0000000081c00000, 0x0000000100000000)
  region size 1024K, 14 young (14336K), 12 survivors (12288K)
 Metaspace       used 35798K, committed 36096K, reserved 1089536K
  class space    used 3683K, committed 3840K, reserved 1048576K
}
Event: 5.943 GC heap after
{Heap after GC invocations=15 (full 0):
 garbage-first heap   total 159744K, used 35833K [0x0000000081c00000, 0x0000000100000000)
  region size 1024K, 1 young (1024K), 1 survivors (1024K)
 Metaspace       used 35798K, committed 36096K, reserved 1089536K
  class space    used 3683K, committed 3840K, reserved 1048576K
}
Event: 7.650 GC heap before
{Heap before GC invocations=16 (full 0):
 garbage-first heap   total 122880K, used 111609K [0x0000000081c00000, 0x0000000100000000)
  region size 1024K, 76 young (77824K), 1 survivors (1024K)
 Metaspace       used 37949K, committed 38272K, reserved 1089536K
  class space    used 3921K, committed 4096K, reserved 1048576K
}
Event: 7.657 GC heap after
{Heap after GC invocations=17 (full 0):
 garbage-first heap   total 122880K, used 36582K [0x0000000081c00000, 0x0000000100000000)
  region size 1024K, 2 young (2048K), 2 survivors (2048K)
 Metaspace       used 37949K, committed 38272K, reserved 1089536K
  class space    used 3921K, committed 4096K, reserved 1048576K
}
Event: 8.841 GC heap before
{Heap before GC invocations=17 (full 0):
 garbage-first heap   total 122880K, used 102118K [0x0000000081c00000, 0x0000000100000000)
  region size 1024K, 63 young (64512K), 2 survivors (2048K)
 Metaspace       used 38578K, committed 38976K, reserved 1089536K
  class space    used 3962K, committed 4160K, reserved 1048576K
}
Event: 8.856 GC heap after
{Heap after GC invocations=18 (full 0):
 garbage-first heap   total 122880K, used 53889K [0x0000000081c00000, 0x0000000100000000)
  region size 1024K, 8 young (8192K), 8 survivors (8192K)
 Metaspace       used 38578K, committed 38976K, reserved 1089536K
  class space    used 3962K, committed 4160K, reserved 1048576K
}
Event: 9.609 GC heap before
{Heap before GC invocations=18 (full 0):
 garbage-first heap   total 122880K, used 90753K [0x0000000081c00000, 0x0000000100000000)
  region size 1024K, 45 young (46080K), 8 survivors (8192K)
 Metaspace       used 39995K, committed 40320K, reserved 1089536K
  class space    used 4126K, committed 4288K, reserved 1048576K
}
Event: 9.618 GC heap after
{Heap after GC invocations=19 (full 0):
 garbage-first heap   total 122880K, used 51089K [0x0000000081c00000, 0x0000000100000000)
  region size 1024K, 2 young (2048K), 2 survivors (2048K)
 Metaspace       used 39995K, committed 40320K, reserved 1089536K
  class space    used 4126K, committed 4288K, reserved 1048576K
}
Event: 10.002 GC heap before
{Heap before GC invocations=19 (full 0):
 garbage-first heap   total 122880K, used 93073K [0x0000000081c00000, 0x0000000100000000)
  region size 1024K, 43 young (44032K), 2 survivors (2048K)
 Metaspace       used 41499K, committed 41856K, reserved 1089536K
  class space    used 4252K, committed 4416K, reserved 1048576K
}

